<?xml version="1.0" encoding="UTF-8"?>
<testsuites>
  <testsuite id="0" name="/Users/salek/Documents/person/web-route/src/App.test.js" errors="0" package="/Users/salek/Documents/person/web-route/src/App.test.js" hostname="localhost" tests="2" failures="0" time="0.857" timestamp="2017-09-16T08:59:27">
    <properties>
    </properties>
    <testcase classname="Render test" name="renders without crashing" time="0">
    </testcase>
    <testcase classname="Render test" name="test uexpect" time="0">
    </testcase>
    <system-out/>
    <system-err/>
  </testsuite>
</testsuites>